make --dry-run --always-make --keep-going --print-directory
make: Entering directory `/Users/zpalfi/42/42Cursus/Minishell'
mkdir -p objs/
gcc -c -Wall -Wextra -Werror -g -I include -I libs/Libft/include/  -I ~/.brew/opt/readline/include -o objs/main.o src/main.c
echo "Compiling src/main.c"
mkdir -p objs/
gcc -c -Wall -Wextra -Werror -g -I include -I libs/Libft/include/  -I ~/.brew/opt/readline/include -o objs/signal.o src/signal.c
echo "Compiling src/signal.c"
mkdir -p objs/
gcc -c -Wall -Wextra -Werror -g -I include -I libs/Libft/include/  -I ~/.brew/opt/readline/include -o objs/count_words.o src/count_words.c
echo "Compiling src/count_words.c"
mkdir -p objs/
gcc -c -Wall -Wextra -Werror -g -I include -I libs/Libft/include/  -I ~/.brew/opt/readline/include -o objs/save_tokens.o src/save_tokens.c
echo "Compiling src/save_tokens.c"
mkdir -p objs/
gcc -c -Wall -Wextra -Werror -g -I include -I libs/Libft/include/  -I ~/.brew/opt/readline/include -o objs/print_miniconcha.o src/print_miniconcha.c
echo "Compiling src/print_miniconcha.c"
make -C libs/Libft
gcc objs/main.o objs/signal.o objs/count_words.o objs/save_tokens.o objs/print_miniconcha.o -lreadline -L ~/.brew/opt/readline/lib libs/Libft/libft.a  -o minishell
echo "Built minishell"
make: Leaving directory `/Users/zpalfi/42/42Cursus/Minishell'
 
