make all --print-data-base --no-builtin-variables --no-builtin-rules --question
# GNU Make 3.81
# Copyright (C) 2006  Free Software Foundation, Inc.
# This is free software; see the source for copying conditions.
# There is NO warranty; not even for MERCHANTABILITY or FITNESS FOR A
# PARTICULAR PURPOSE.

# This program built for i386-apple-darwin11.3.0

# Make data base, printed on Wed Jun  8 14:51:12 2022

# Variables

# automatic
<D = $(patsubst %/,%,$(dir $<))
# automatic
?F = $(notdir $?)
# makefile (from `Makefile', line 43)
OBJ = $(addprefix $(OBJS_DIR)/,$(SRC:.c=.o))
# makefile (from `Makefile', line 32)
SRC = ast.c main.c free.c error.c parser.c signal.c token_len.c save_tokens.c count_tokens.c print_miniconcha.c 
# environment
VSCODE_LOG_NATIVE = false
# automatic
?D = $(patsubst %/,%,$(dir $?))
# automatic
@D = $(patsubst %/,%,$(dir $@))
# makefile (from `Makefile', line 27)
LIBS_HEADERS = -I $(LIBS_DIR)/Libft/include/ -I $(LIBS_DIR)/Get_Next_Line/include/ 
# automatic
@F = $(notdir $@)
# makefile
CURDIR := /Users/zpalfi/42/42Cursus/Minishell
# makefile
SHELL = /bin/sh
# environment
VSCODE_NLS_CONFIG = {"locale":"en-us","availableLanguages":{},"_languagePackSupport":true}
# environment
_ = /usr/bin/make
# makefile (from `Makefile', line 48)
CFLAGS = -Wall -Wextra -Werror -g $(INC) -I ~/.brew/opt/readline/include
# makefile (from `Makefile', line 1)
MAKEFILE_LIST :=  Makefile
# environment
VSCODE_VERBOSE_LOGGING = true
# environment
P9K_SSH = 0
# environment
VSCODE_IPC_HOOK_EXTHOST = /var/folders/zz/zyxvpxvq6csfxvn_n000cb680032sk/T/vscode-ipc-0b1c04b9-a54b-47a4-94f7-efdd406c9d2b.sock
# environment
VSCODE_CWD = /
# environment
PATH = /Users/zpalfi/.brew/bin:/usr/local/bin:/usr/bin:/bin:/usr/sbin:/sbin:/usr/local/munki:/Users/zpalfi/.fzf/bin
# environment
LSCOLORS = Gxfxcxdxbxegedabagacad
# makefile (from `Makefile', line 17)
INCLUDE_DIR = include
# environment
VSCODE_LOG_STACK = false
# environment
ELECTRON_RUN_AS_NODE = 1
# default
.FEATURES := target-specific order-only second-expansion else-if archives jobserver check-symlink
# environment
SSH_AUTH_SOCK = /private/tmp/com.apple.launchd.THZu7LsxfQ/Listeners
# automatic
%F = $(notdir $%)
# environment
VSCODE_PIPE_LOGGING = true
# environment
PWD = /Users/zpalfi/42/42Cursus/Minishell
# environment
ORIGINAL_XDG_CURRENT_DESKTOP = undefined
# environment
VSCODE_AMD_ENTRYPOINT = vs/workbench/api/node/extensionHostProcess
# environment
HOME = /Users/zpalfi
# default
MAKEFILEPATH := /Applications/Xcode.app/Contents/Developer/Makefiles
# environment
VSCODE_CODE_CACHE_PATH = /Users/zpalfi/Library/Application Support/Code/CachedData/da15b6fd3ef856477bf6f4fb29ba1b7af717770d
# environment
LOGNAME = zpalfi
# environment
APPLICATION_INSIGHTS_NO_DIAGNOSTIC_CHANNEL = 1
# environment
ZSH = /Users/zpalfi/.oh-my-zsh
# environment
VSCODE_HANDLES_UNCAUGHT_ERRORS = true
# automatic
^D = $(patsubst %/,%,$(dir $^))
# environment
XPC_FLAGS = 0x0
# default
MAKE = $(MAKE_COMMAND)
# default
MAKECMDGOALS := all
# environment
SHLVL = 1
# makefile (from `Makefile', line 47)
CC = gcc
# default
MAKE_VERSION := 3.81
# environment
USER = zpalfi
# makefile
.DEFAULT_GOAL := all
# makefile (from `Makefile', line 13)
NAME = minishell
# environment
LESS = -R
# automatic
%D = $(patsubst %/,%,$(dir $%))
# makefile (from `Makefile', line 19)
LIBS_DIR = libs
# default
MAKE_COMMAND := /Applications/Xcode.app/Contents/Developer/usr/bin/make
# makefile (from `Makefile', line 30)
INC = -I $(INCLUDE_DIR) $(LIBS_HEADERS)
# default
.VARIABLES := 
# environment
TMPDIR = /var/folders/zz/zyxvpxvq6csfxvn_n000cb680032sk/T/
# automatic
*F = $(notdir $*)
# environment
VSCODE_IPC_HOOK = /Users/zpalfi/Library/Application Support/Code/1.67.1-main.sock
# makefile
MAKEFLAGS = Rrqp
# environment
MFLAGS = -Rrqp
# automatic
*D = $(patsubst %/,%,$(dir $*))
# environment
MAIL = zpalfi@student.42barcelona.com
# environment
XPC_SERVICE_NAME = com.microsoft.VSCode.1532
# makefile (from `Makefile', line 20)
OBJS_DIR = objs
# automatic
+D = $(patsubst %/,%,$(dir $+))
# automatic
+F = $(notdir $+)
# environment
__CF_USER_TEXT_ENCODING = 0x18B32:0x0:0x0
# default
MAKEFILES := 
# makefile (from `Makefile', line 18)
SRC_DIR = src
# automatic
<F = $(notdir $<)
# environment
PAGER = less
# environment
LC_ALL = C
# makefile (from `Makefile', line 24)
LIBS = $(LIBS_DIR)/Libft/libft.a $(LIBS_DIR)/Get_Next_Line/get_next_line.a 
# automatic
^F = $(notdir $^)
# default
SUFFIXES := 
# default
.INCLUDE_DIRS = /usr/local/include
# environment
MAKELEVEL := 0
# environment
FZF_DEFAULT_OPTS = --height=40% --preview='cat {}' --preview-window=right:60%:wrap
# environment
LANG = C
# environment
VSCODE_PID = 15596
# variable set hash-table stats:
# Load=79/1024=8%, Rehash=0, Collisions=3/122=2%

# Pattern-specific Variable Values

# No pattern-specific variable values.

# Directories

# . (device 16777228, inode 1161356): 10 files, no impossibilities.
# src (device 16777228, inode 1163911): 4 files, no impossibilities so far.

# 14 files, no impossibilities in 2 directories.

# Implicit Rules

objs/%.o: src/%.c
#  commands to execute (from `Makefile', line 53):
	@mkdir -p $(dir $@)
	@$(CC) -c $(CFLAGS) -o $@ $^
	@echo "Compiling $^"
	

# 1 implicit rules, 0 (0.0%) terminal.

# Files

objs/ast.o: src/ast.c
#  Implicit rule search has been done.
#  Implicit/static pattern stem: `ast'
#  File does not exist.
#  File has been updated.
#  Needs to be updated (-q is set).
# automatic
# @ := objs/ast.o
# automatic
# % := 
# automatic
# * := ast
# automatic
# + := src/ast.c
# automatic
# | := 
# automatic
# < := src/ast.c
# automatic
# ^ := src/ast.c
# automatic
# ? := src/ast.c
# variable set hash-table stats:
# Load=8/32=25%, Rehash=0, Collisions=2/21=10%
#  commands to execute (from `Makefile', line 53):
	@mkdir -p $(dir $@)
	@$(CC) -c $(CFLAGS) -o $@ $^
	@echo "Compiling $^"
	

# Not a target:
objs/main.o:
#  Implicit rule search has not been done.
#  Modification time never checked.
#  File has not been updated.

all: minishell
#  Phony target (prerequisite of .PHONY).
#  Command-line target.
#  Implicit rule search has not been done.
#  File does not exist.
#  File has been updated.
#  Needs to be updated (-q is set).
# variable set hash-table stats:
# Load=0/32=0%, Rehash=0, Collisions=0/9=0%

# Not a target:
objs/error.o:
#  Implicit rule search has not been done.
#  Modification time never checked.
#  File has not been updated.

.PHONY: all re clean fclean
#  Implicit rule search has not been done.
#  Modification time never checked.
#  File has not been updated.

# Not a target:
.SUFFIXES:
#  Implicit rule search has not been done.
#  Modification time never checked.
#  File has not been updated.

# Not a target:
Makefile:
#  Implicit rule search has been done.
#  Last modified 2022-06-07 18:01:44
#  File has been updated.
#  Successfully updated.
# variable set hash-table stats:
# Load=0/32=0%, Rehash=0, Collisions=0/0=0%

# Not a target:
objs/save_tokens.o:
#  Implicit rule search has not been done.
#  Modification time never checked.
#  File has not been updated.

# Not a target:
objs/free.o:
#  Implicit rule search has not been done.
#  Modification time never checked.
#  File has not been updated.

minishell: objs/ast.o objs/main.o objs/free.o objs/error.o objs/parser.o objs/signal.o objs/token_len.o objs/save_tokens.o objs/count_tokens.o objs/print_miniconcha.o libs/Libft/libft.a libs/Get_Next_Line/get_next_line.a
#  Implicit rule search has not been done.
#  File does not exist.
#  File has been updated.
#  Needs to be updated (-q is set).
# variable set hash-table stats:
# Load=0/32=0%, Rehash=0, Collisions=0/9=0%
#  commands to execute (from `Makefile', line 60):
	@$(CC) $(OBJ) -lreadline -L ~/.brew/opt/readline/lib $(LIBS) -o $(NAME)
	@echo "Built $(NAME)"
	

# Not a target:
src/ast.c:
#  Implicit rule search has been done.
#  Last modified 2022-06-07 18:12:51
#  File has been updated.
#  Successfully updated.
# variable set hash-table stats:
# Load=0/32=0%, Rehash=0, Collisions=0/0=0%

fclean: clean
#  Phony target (prerequisite of .PHONY).
#  Implicit rule search has not been done.
#  File does not exist.
#  File has not been updated.
#  commands to execute (from `Makefile', line 73):
	@make fclean -C $(LIBS_DIR)/Libft
 
	@make fclean -C $(LIBS_DIR)/Get_Next_Line
	@rm -f $(NAME)
	

# Not a target:
objs/signal.o:
#  Implicit rule search has not been done.
#  Modification time never checked.
#  File has not been updated.

# Not a target:
.DEFAULT:
#  Implicit rule search has not been done.
#  Modification time never checked.
#  File has not been updated.

# Not a target:
objs/count_tokens.o:
#  Implicit rule search has not been done.
#  Modification time never checked.
#  File has not been updated.

libs/Libft/libft.a:
#  Implicit rule search has not been done.
#  Modification time never checked.
#  File has not been updated.
#  commands to execute (from `Makefile', line 64):
	@make -C $(LIBS_DIR)/Libft
	

re: fclean all
#  Phony target (prerequisite of .PHONY).
#  Implicit rule search has not been done.
#  File does not exist.
#  File has not been updated.

clean:
#  Phony target (prerequisite of .PHONY).
#  Implicit rule search has not been done.
#  File does not exist.
#  File has not been updated.
#  commands to execute (from `Makefile', line 70):
	@rm -rf $(OBJS_DIR)
	

libs/Get_Next_Line/get_next_line.a:
#  Implicit rule search has not been done.
#  Modification time never checked.
#  File has not been updated.
#  commands to execute (from `Makefile', line 67):
	@make -C $(LIBS_DIR)/Get_Next_Line
	

# Not a target:
objs/print_miniconcha.o:
#  Implicit rule search has not been done.
#  Modification time never checked.
#  File has not been updated.

# Not a target:
objs/token_len.o:
#  Implicit rule search has not been done.
#  Modification time never checked.
#  File has not been updated.

# Not a target:
objs/parser.o:
#  Implicit rule search has not been done.
#  Modification time never checked.
#  File has not been updated.

# files hash-table stats:
# Load=22/1024=2%, Rehash=0, Collisions=0/58=0%
# VPATH Search Paths

# No `vpath' search paths.

# No general (`VPATH' variable) search path.

# # of strings in strcache: 1
# # of strcache buffers: 1
# strcache size: total = 4096 / max = 4096 / min = 4096 / avg = 4096
# strcache free: total = 4087 / max = 4087 / min = 4087 / avg = 4087

# Finished Make data base on Wed Jun  8 14:51:12 2022

 
